# JRE version: Java(TM) SE Runtime Environment (8.0_131-b11) (build 1.8.0_131-b11)
# Java VM: Java HotSpot(TM) 64-Bit Server VM (25.131-b11 mixed mode bsd-amd64 compressed oops)
Heap:
 PSYoungGen      total 692224K, used 655266K [0x0000000795580000, 0x00000007bff00000, 0x00000007c0000000)
  eden space 687616K, 95% used [0x0000000795580000,0x00000007bd36e020,0x00000007bf500000)
  from space 4608K, 43% used [0x00000007bfa80000,0x00000007bfc7aba0,0x00000007bff00000)
  to   space 5120K, 0% used [0x00000007bf500000,0x00000007bf500000,0x00000007bfa00000)
 ParOldGen       total 694784K, used 563896K [0x0000000740000000, 0x000000076a680000, 0x0000000795580000)
  object space 694784K, 81% used [0x0000000740000000,0x00000007626ae018,0x000000076a680000)
 Metaspace       used 44763K, capacity 45334K, committed 45568K, reserved 1087488K
  class space    used 6662K, capacity 6819K, committed 6912K, reserved 1048576K
GC Heap History (10 events):
Event: 1453.794 GC heap before
{Heap before GC invocations=380 (full 6):
 PSYoungGen      total 689664K, used 689504K [0x0000000795580000, 0x00000007bff00000, 0x00000007c0000000)
  eden space 687616K, 100% used [0x0000000795580000,0x00000007bf500000,0x00000007bf500000)
  from space 2048K, 92% used [0x00000007bf500000,0x00000007bf6d8000,0x00000007bf700000)
  to   space 5120K, 0% used [0x00000007bfa00000,0x00000007bfa00000,0x00000007bff00000)
 ParOldGen       total 694784K, used 552045K [0x0000000740000000, 0x000000076a680000, 0x0000000795580000)
  object space 694784K, 79% used [0x0000000740000000,0x0000000761b1b5e0,0x000000076a680000)
 Metaspace       used 44738K, capacity 45270K, committed 45568K, reserved 1087488K
  class space    used 6660K, capacity 6819K, committed 6912K, reserved 1048576K
Event: 1453.813 GC heap after
Heap after GC invocations=380 (full 6):
 PSYoungGen      total 691712K, used 4718K [0x0000000795580000, 0x00000007c0000000, 0x00000007c0000000)
  eden space 686592K, 0% used [0x0000000795580000,0x0000000795580000,0x00000007bf400000)
  from space 5120K, 92% used [0x00000007bfa00000,0x00000007bfe9ba00,0x00000007bff00000)
  to   space 6144K, 0% used [0x00000007bf400000,0x00000007bf400000,0x00000007bfa00000)
 ParOldGen       total 694784K, used 553868K [0x0000000740000000, 0x000000076a680000, 0x0000000795580000)
  object space 694784K, 79% used [0x0000000740000000,0x0000000761ce3228,0x000000076a680000)
 Metaspace       used 44738K, capacity 45270K, committed 45568K, reserved 1087488K
  class space    used 6660K, capacity 6819K, committed 6912K, reserved 1048576K
}
Event: 1455.122 GC heap before
{Heap before GC invocations=381 (full 6):
 PSYoungGen      total 691712K, used 691310K [0x0000000795580000, 0x00000007c0000000, 0x00000007c0000000)
  eden space 686592K, 100% used [0x0000000795580000,0x00000007bf400000,0x00000007bf400000)
  from space 5120K, 92% used [0x00000007bfa00000,0x00000007bfe9ba00,0x00000007bff00000)
  to   space 6144K, 0% used [0x00000007bf400000,0x00000007bf400000,0x00000007bfa00000)
 ParOldGen       total 694784K, used 553868K [0x0000000740000000, 0x000000076a680000, 0x0000000795580000)
  object space 694784K, 79% used [0x0000000740000000,0x0000000761ce3228,0x000000076a680000)
 Metaspace       used 44738K, capacity 45270K, committed 45568K, reserved 1087488K
  class space    used 6660K, capacity 6819K, committed 6912K, reserved 1048576K
Event: 1455.141 GC heap after
Heap after GC invocations=381 (full 6):
 PSYoungGen      total 692736K, used 1888K [0x0000000795580000, 0x00000007c0000000, 0x00000007c0000000)
  eden space 686592K, 0% used [0x0000000795580000,0x0000000795580000,0x00000007bf400000)
  from space 6144K, 30% used [0x00000007bf400000,0x00000007bf5d8240,0x00000007bfa00000)
  to   space 5632K, 0% used [0x00000007bfa80000,0x00000007bfa80000,0x00000007c0000000)
 ParOldGen       total 694784K, used 558505K [0x0000000740000000, 0x000000076a680000, 0x0000000795580000)
  object space 694784K, 80% used [0x0000000740000000,0x000000076216a630,0x000000076a680000)
 Metaspace       used 44738K, capacity 45270K, committed 45568K, reserved 1087488K
  class space    used 6660K, capacity 6819K, committed 6912K, reserved 1048576K
}
Event: 1457.780 GC heap before
{Heap before GC invocations=382 (full 6):
 PSYoungGen      total 692736K, used 688480K [0x0000000795580000, 0x00000007c0000000, 0x00000007c0000000)
  eden space 686592K, 100% used [0x0000000795580000,0x00000007bf400000,0x00000007bf400000)
  from space 6144K, 30% used [0x00000007bf400000,0x00000007bf5d8240,0x00000007bfa00000)
  to   space 5632K, 0% used [0x00000007bfa80000,0x00000007bfa80000,0x00000007c0000000)
 ParOldGen       total 694784K, used 558505K [0x0000000740000000, 0x000000076a680000, 0x0000000795580000)
  object space 694784K, 80% used [0x0000000740000000,0x000000076216a630,0x000000076a680000)
 Metaspace       used 44738K, capacity 45270K, committed 45568K, reserved 1087488K
  class space    used 6660K, capacity 6819K, committed 6912K, reserved 1048576K
Event: 1457.807 GC heap after
Heap after GC invocations=382 (full 6):
 PSYoungGen      total 692224K, used 1840K [0x0000000795580000, 0x00000007bff80000, 0x00000007c0000000)
  eden space 687104K, 0% used [0x0000000795580000,0x0000000795580000,0x00000007bf480000)
  from space 5120K, 35% used [0x00000007bfa80000,0x00000007bfc4c360,0x00000007bff80000)
  to   space 5632K, 0% used [0x00000007bf480000,0x00000007bf480000,0x00000007bfa00000)
 ParOldGen       total 694784K, used 560342K [0x0000000740000000, 0x000000076a680000, 0x0000000795580000)
  object space 694784K, 80% used [0x0000000740000000,0x0000000762335958,0x000000076a680000)
 Metaspace       used 44738K, capacity 45270K, committed 45568K, reserved 1087488K
  class space    used 6660K, capacity 6819K, committed 6912K, reserved 1048576K
}
Event: 1460.226 GC heap before
{Heap before GC invocations=383 (full 6):
 PSYoungGen      total 692224K, used 688944K [0x0000000795580000, 0x00000007bff80000, 0x00000007c0000000)
  eden space 687104K, 100% used [0x0000000795580000,0x00000007bf480000,0x00000007bf480000)
  from space 5120K, 35% used [0x00000007bfa80000,0x00000007bfc4c360,0x00000007bff80000)
  to   space 5632K, 0% used [0x00000007bf480000,0x00000007bf480000,0x00000007bfa00000)
 ParOldGen       total 694784K, used 560342K [0x0000000740000000, 0x000000076a680000, 0x0000000795580000)
  object space 694784K, 80% used [0x0000000740000000,0x0000000762335958,0x000000076a680000)
 Metaspace       used 44738K, capacity 45270K, committed 45568K, reserved 1087488K
  class space    used 6660K, capacity 6819K, committed 6912K, reserved 1048576K
Event: 1460.240 GC heap after
Heap after GC invocations=383 (full 6):
 PSYoungGen      total 692736K, used 1792K [0x0000000795580000, 0x00000007c0000000, 0x00000007c0000000)
  eden space 687104K, 0% used [0x0000000795580000,0x0000000795580000,0x00000007bf480000)
  from space 5632K, 31% used [0x00000007bf480000,0x00000007bf640240,0x00000007bfa00000)
  to   space 5632K, 0% used [0x00000007bfa80000,0x00000007bfa80000,0x00000007c0000000)
 ParOldGen       total 694784K, used 562151K [0x0000000740000000, 0x000000076a680000, 0x0000000795580000)
  object space 694784K, 80% used [0x0000000740000000,0x00000007624f9dd8,0x000000076a680000)
 Metaspace       used 44738K, capacity 45270K, committed 45568K, reserved 1087488K
  class space    used 6660K, capacity 6819K, committed 6912K, reserved 1048576K
}
Event: 1462.278 GC heap before
{Heap before GC invocations=384 (full 6):
 PSYoungGen      total 692736K, used 688896K [0x0000000795580000, 0x00000007c0000000, 0x00000007c0000000)
  eden space 687104K, 100% used [0x0000000795580000,0x00000007bf480000,0x00000007bf480000)
  from space 5632K, 31% used [0x00000007bf480000,0x00000007bf640240,0x00000007bfa00000)
  to   space 5632K, 0% used [0x00000007bfa80000,0x00000007bfa80000,0x00000007c0000000)
 ParOldGen       total 694784K, used 562151K [0x0000000740000000, 0x000000076a680000, 0x0000000795580000)
  object space 694784K, 80% used [0x0000000740000000,0x00000007624f9dd8,0x000000076a680000)
 Metaspace       used 44738K, capacity 45270K, committed 45568K, reserved 1087488K
  class space    used 6660K, capacity 6819K, committed 6912K, reserved 1048576K
Event: 1462.293 GC heap after
Heap after GC invocations=384 (full 6):
 PSYoungGen      total 692224K, used 2026K [0x0000000795580000, 0x00000007bff00000, 0x00000007c0000000)
  eden space 687616K, 0% used [0x0000000795580000,0x0000000795580000,0x00000007bf500000)
  from space 4608K, 43% used [0x00000007bfa80000,0x00000007bfc7aba0,0x00000007bff00000)
  to   space 5120K, 0% used [0x00000007bf500000,0x00000007bf500000,0x00000007bfa00000)
 ParOldGen       total 694784K, used 563896K [0x0000000740000000, 0x000000076a680000, 0x0000000795580000)
  object space 694784K, 81% used [0x0000000740000000,0x00000007626ae018,0x000000076a680000)
 Metaspace       used 44738K, capacity 45270K, committed 45568K, reserved 1087488K
  class space    used 6660K, capacity 6819K, committed 6912K, reserved 1048576K
}

